<?xml version="1.0" encoding="UTF-8"?>
<!-- Generated by org.testng.reporters.JUnitXMLReporter -->
<testsuite ignored="0" hostname="FEUJI-V005D" failures="1" tests="3" name="Test" time="30.027" errors="0" timestamp="2024-01-23T18:16:42 IST">
  <testcase classname="orangehrmselenium.tests.OrangeHrmTest" name="isforgotPasswordPageClickable" time="0.433">
    <failure type="java.lang.AssertionError" message="expected [true] but found [false]">
      <![CDATA[java.lang.AssertionError: expected [true] but found [false]
at orangehrmselenium.tests.OrangeHrmTest.isforgotPasswordPageClickable(OrangeHrmTest.java:40)
at java.base/java.util.ArrayList.forEach(ArrayList.java:1511)
... Removed 31 stack frames]]>
    </failure>
  </testcase> <!-- isforgotPasswordPageClickable -->
  <testcase classname="orangehrmselenium.tests.OrangeHrmTest" name="login" time="4.467"/>
  <testcase classname="orangehrmselenium.tests.OrangeHrmTest" name="addUser" time="19.574"/>
</testsuite> <!-- Test -->
